<html>
<head>
<title>TestNG:  Surefire test</title>
<link href="../testng.css" rel="stylesheet" type="text/css" />
<link href="../my-testng.css" rel="stylesheet" type="text/css" />

<style type="text/css">
.log { display: none;} 
.stack-trace { display: none;} 
</style>
<script type="text/javascript">
<!--
function flip(e) {
  current = e.style.display;
  if (current == 'block') {
    e.style.display = 'none';
    return 0;
  }
  else {
    e.style.display = 'block';
    return 1;
  }
}

function toggleBox(szDivId, elem, msg1, msg2)
{
  var res = -1;  if (document.getElementById) {
    res = flip(document.getElementById(szDivId));
  }
  else if (document.all) {
    // this is the way old msie versions work
    res = flip(document.all[szDivId]);
  }
  if(elem) {
    if(res == 0) elem.innerHTML = msg1; else elem.innerHTML = msg2;
  }

}

function toggleAllBoxes() {
  if (document.getElementsByTagName) {
    d = document.getElementsByTagName('div');
    for (i = 0; i < d.length; i++) {
      if (d[i].className == 'log') {
        flip(d[i]);
      }
    }
  }
}

// -->
</script>

</head>
<body>
<h2 align='center'>Surefire test</h2><table border='1' align="center">
<tr>
<td>Tests passed/Failed/Skipped:</td><td>15/3/0</td>
</tr><tr>
<td>Started on:</td><td>Thu Oct 22 14:07:30 IST 2020</td>
</tr>
<tr><td>Total time:</td><td>1240 seconds (1240723 ms)</td>
</tr><tr>
<td>Included groups:</td><td></td>
</tr><tr>
<td>Excluded groups:</td><td></td>
</tr>
</table><p/>
<small><i>(Hover the method name to see the test class name)</i></small><p/>
<table width='100%' border='1' class='invocation-failed'>
<tr><td colspan='4' align='center'><b>FAILED TESTS</b></td></tr>
<tr><td><b>Test method</b></td>
<td width="30%"><b>Exception</b></td>
<td width="10%"><b>Time (seconds)</b></td>
<td><b>Instance</b></td>
</tr>
<tr>
<td title='com.cucumber.runner.sharpRunner.runScenario()'><b>runScenario</b><br>Test class: com.cucumber.runner.sharpRunner<br>Test method: Runs Cucumber Scenarios<br>Parameters: "Chrome: Open chat bot and pay bill via chat", "Optional[Feature to test exelon chatbot application test cases]"</td>
<td><div><pre>org.openqa.selenium.ElementClickInterceptedException: element click intercepted: Element is not clickable at point (796, -1331)
  (Session info: chrome=86.0.4240.75)
Build info: version: &apos;3.141.59&apos;, revision: &apos;e82be7d358&apos;, time: &apos;2018-11-14T08:17:03&apos;
System info: host: &apos;DESKTOP-P9BL872&apos;, ip: &apos;192.168.1.146&apos;, os.name: &apos;Windows 10&apos;, os.arch: &apos;amd64&apos;, os.version: &apos;10.0&apos;, java.version: &apos;11.0.8&apos;
Driver info: org.openqa.selenium.chrome.ChromeDriver
Capabilities {acceptInsecureCerts: false, browserName: chrome, browserVersion: 86.0.4240.75, chrome: {chromedriverVersion: 86.0.4240.22 (398b0743353ff..., userDataDir: C:\Users\SOHAIL~1\AppData\L...}, goog:chromeOptions: {debuggerAddress: localhost:49482}, javascriptEnabled: true, networkConnectionEnabled: false, pageLoadStrategy: normal, platform: WINDOWS, platformName: WINDOWS, proxy: Proxy(), setWindowRect: true, strictFileInteractability: false, timeouts: {implicit: 0, pageLoad: 300000, script: 30000}, unhandledPromptBehavior: dismiss and notify, webauthn:virtualAuthenticators: true}
Session ID: 8917ad9502a55f3365fc8bb0e33b48b6
	at org.openqa.selenium.remote.http.W3CHttpResponseCodec.createException(W3CHttpResponseCodec.java:187)
	at org.openqa.selenium.remote.http.W3CHttpResponseCodec.decode(W3CHttpResponseCodec.java:122)
	at org.openqa.selenium.remote.http.W3CHttpResponseCodec.decode(W3CHttpResponseCodec.java:49)
	at org.openqa.selenium.remote.HttpCommandExecutor.execute(HttpCommandExecutor.java:158)
	at org.openqa.selenium.remote.service.DriverCommandExecutor.execute(DriverCommandExecutor.java:83)
	at org.openqa.selenium.remote.RemoteWebDriver.execute(RemoteWebDriver.java:552)
	at org.openqa.selenium.remote.RemoteWebElement.execute(RemoteWebElement.java:285)
	at org.openqa.selenium.remote.RemoteWebElement.click(RemoteWebElement.java:84)
	at StepsDefine.genericFunctions.click_on_sign_in(genericFunctions.java:207)
	at ✽.click on sign in(classpath:features/exelonChatbotChrome.feature:44)
... Removed 4 stack frames</pre></div><a href='#' onClick='toggleBox("stack-trace262411744", this, "Click to show all stack frames", "Click to hide stack frames")'>Click to show all stack frames</a>
<div class='stack-trace' id='stack-trace262411744'><pre>org.openqa.selenium.ElementClickInterceptedException: element click intercepted: Element is not clickable at point (796, -1331)
  (Session info: chrome=86.0.4240.75)
Build info: version: &apos;3.141.59&apos;, revision: &apos;e82be7d358&apos;, time: &apos;2018-11-14T08:17:03&apos;
System info: host: &apos;DESKTOP-P9BL872&apos;, ip: &apos;192.168.1.146&apos;, os.name: &apos;Windows 10&apos;, os.arch: &apos;amd64&apos;, os.version: &apos;10.0&apos;, java.version: &apos;11.0.8&apos;
Driver info: org.openqa.selenium.chrome.ChromeDriver
Capabilities {acceptInsecureCerts: false, browserName: chrome, browserVersion: 86.0.4240.75, chrome: {chromedriverVersion: 86.0.4240.22 (398b0743353ff..., userDataDir: C:\Users\SOHAIL~1\AppData\L...}, goog:chromeOptions: {debuggerAddress: localhost:49482}, javascriptEnabled: true, networkConnectionEnabled: false, pageLoadStrategy: normal, platform: WINDOWS, platformName: WINDOWS, proxy: Proxy(), setWindowRect: true, strictFileInteractability: false, timeouts: {implicit: 0, pageLoad: 300000, script: 30000}, unhandledPromptBehavior: dismiss and notify, webauthn:virtualAuthenticators: true}
Session ID: 8917ad9502a55f3365fc8bb0e33b48b6
	at java.base/jdk.internal.reflect.NativeConstructorAccessorImpl.newInstance0(Native Method)
	at java.base/jdk.internal.reflect.NativeConstructorAccessorImpl.newInstance(NativeConstructorAccessorImpl.java:62)
	at java.base/jdk.internal.reflect.DelegatingConstructorAccessorImpl.newInstance(DelegatingConstructorAccessorImpl.java:45)
	at java.base/java.lang.reflect.Constructor.newInstance(Constructor.java:490)
	at org.openqa.selenium.remote.http.W3CHttpResponseCodec.createException(W3CHttpResponseCodec.java:187)
	at org.openqa.selenium.remote.http.W3CHttpResponseCodec.decode(W3CHttpResponseCodec.java:122)
	at org.openqa.selenium.remote.http.W3CHttpResponseCodec.decode(W3CHttpResponseCodec.java:49)
	at org.openqa.selenium.remote.HttpCommandExecutor.execute(HttpCommandExecutor.java:158)
	at org.openqa.selenium.remote.service.DriverCommandExecutor.execute(DriverCommandExecutor.java:83)
	at org.openqa.selenium.remote.RemoteWebDriver.execute(RemoteWebDriver.java:552)
	at org.openqa.selenium.remote.RemoteWebElement.execute(RemoteWebElement.java:285)
	at org.openqa.selenium.remote.RemoteWebElement.click(RemoteWebElement.java:84)
	at StepsDefine.genericFunctions.click_on_sign_in(genericFunctions.java:207)
	at ✽.click on sign in(classpath:features/exelonChatbotChrome.feature:44)
</pre></div></td>
<td>51</td>
<td>com.cucumber.runner.sharpRunner@1283bb96</td></tr>
<tr>
<td title='com.cucumber.runner.sharpRunner.runScenario()'><b>runScenario</b><br>Test class: com.cucumber.runner.sharpRunner<br>Test method: Runs Cucumber Scenarios<br>Parameters: "Firefox: Open chat bot and pay bill via chat", "Optional[Feature to test exelon chatbot application test cases]"</td>
<td><div><pre>org.openqa.selenium.NoSuchElementException: Unable to locate element: //div[contains(@class,&apos;form-group&apos;)]//input[@id=&apos;Username&apos;]
For documentation on this error, please visit: https://www.seleniumhq.org/exceptions/no_such_element.html
Build info: version: &apos;3.141.59&apos;, revision: &apos;e82be7d358&apos;, time: &apos;2018-11-14T08:17:03&apos;
System info: host: &apos;DESKTOP-P9BL872&apos;, ip: &apos;192.168.1.146&apos;, os.name: &apos;Windows 10&apos;, os.arch: &apos;amd64&apos;, os.version: &apos;10.0&apos;, java.version: &apos;11.0.8&apos;
Driver info: org.openqa.selenium.firefox.FirefoxDriver
Capabilities {acceptInsecureCerts: true, browserName: firefox, browserVersion: 79.0, javascriptEnabled: true, moz:accessibilityChecks: false, moz:buildID: 20200720193547, moz:geckodriverVersion: 0.27.0, moz:headless: false, moz:processID: 20264, moz:profile: C:\Users\Sohail Abbas\AppDa..., moz:shutdownTimeout: 60000, moz:useNonSpecCompliantPointerOrigin: false, moz:webdriverClick: true, pageLoadStrategy: normal, platform: WINDOWS, platformName: WINDOWS, platformVersion: 10.0, rotatable: false, setWindowRect: true, strictFileInteractability: false, timeouts: {implicit: 0, pageLoad: 300000, script: 30000}, unhandledPromptBehavior: dismiss and notify}
Session ID: 468a0f92-12c9-4707-bea4-282fd2fe4c24
*** Element info: {Using=xpath, value=//div[contains(@class,&apos;form-group&apos;)]//input[@id=&apos;Username&apos;]}
	at org.openqa.selenium.remote.http.W3CHttpResponseCodec.createException(W3CHttpResponseCodec.java:187)
	at org.openqa.selenium.remote.http.W3CHttpResponseCodec.decode(W3CHttpResponseCodec.java:122)
	at org.openqa.selenium.remote.http.W3CHttpResponseCodec.decode(W3CHttpResponseCodec.java:49)
	at org.openqa.selenium.remote.HttpCommandExecutor.execute(HttpCommandExecutor.java:158)
	at org.openqa.selenium.remote.service.DriverCommandExecutor.execute(DriverCommandExecutor.java:83)
	at org.openqa.selenium.remote.RemoteWebDriver.execute(RemoteWebDriver.java:552)
	at org.openqa.selenium.remote.RemoteWebDriver.findElement(RemoteWebDriver.java:323)
	at org.openqa.selenium.remote.RemoteWebDriver.findElementByXPath(RemoteWebDriver.java:428)
	at org.openqa.selenium.By$ByXPath.findElement(By.java:353)
	at org.openqa.selenium.remote.RemoteWebDriver.findElement(RemoteWebDriver.java:315)
	at StepsDefine.genericFunctions.wait_for_time(genericFunctions.java:823)
	at StepsDefine.genericFunctions.user_will_redirect_to_login_page(genericFunctions.java:213)
	at ✽.user will redirect to login page(classpath:features/exelonChatbotFirefox.feature:46)
... Removed 4 stack frames</pre></div><a href='#' onClick='toggleBox("stack-trace256147539", this, "Click to show all stack frames", "Click to hide stack frames")'>Click to show all stack frames</a>
<div class='stack-trace' id='stack-trace256147539'><pre>org.openqa.selenium.NoSuchElementException: Unable to locate element: //div[contains(@class,&apos;form-group&apos;)]//input[@id=&apos;Username&apos;]
For documentation on this error, please visit: https://www.seleniumhq.org/exceptions/no_such_element.html
Build info: version: &apos;3.141.59&apos;, revision: &apos;e82be7d358&apos;, time: &apos;2018-11-14T08:17:03&apos;
System info: host: &apos;DESKTOP-P9BL872&apos;, ip: &apos;192.168.1.146&apos;, os.name: &apos;Windows 10&apos;, os.arch: &apos;amd64&apos;, os.version: &apos;10.0&apos;, java.version: &apos;11.0.8&apos;
Driver info: org.openqa.selenium.firefox.FirefoxDriver
Capabilities {acceptInsecureCerts: true, browserName: firefox, browserVersion: 79.0, javascriptEnabled: true, moz:accessibilityChecks: false, moz:buildID: 20200720193547, moz:geckodriverVersion: 0.27.0, moz:headless: false, moz:processID: 20264, moz:profile: C:\Users\Sohail Abbas\AppDa..., moz:shutdownTimeout: 60000, moz:useNonSpecCompliantPointerOrigin: false, moz:webdriverClick: true, pageLoadStrategy: normal, platform: WINDOWS, platformName: WINDOWS, platformVersion: 10.0, rotatable: false, setWindowRect: true, strictFileInteractability: false, timeouts: {implicit: 0, pageLoad: 300000, script: 30000}, unhandledPromptBehavior: dismiss and notify}
Session ID: 468a0f92-12c9-4707-bea4-282fd2fe4c24
*** Element info: {Using=xpath, value=//div[contains(@class,&apos;form-group&apos;)]//input[@id=&apos;Username&apos;]}
	at java.base/jdk.internal.reflect.NativeConstructorAccessorImpl.newInstance0(Native Method)
	at java.base/jdk.internal.reflect.NativeConstructorAccessorImpl.newInstance(NativeConstructorAccessorImpl.java:62)
	at java.base/jdk.internal.reflect.DelegatingConstructorAccessorImpl.newInstance(DelegatingConstructorAccessorImpl.java:45)
	at java.base/java.lang.reflect.Constructor.newInstance(Constructor.java:490)
	at org.openqa.selenium.remote.http.W3CHttpResponseCodec.createException(W3CHttpResponseCodec.java:187)
	at org.openqa.selenium.remote.http.W3CHttpResponseCodec.decode(W3CHttpResponseCodec.java:122)
	at org.openqa.selenium.remote.http.W3CHttpResponseCodec.decode(W3CHttpResponseCodec.java:49)
	at org.openqa.selenium.remote.HttpCommandExecutor.execute(HttpCommandExecutor.java:158)
	at org.openqa.selenium.remote.service.DriverCommandExecutor.execute(DriverCommandExecutor.java:83)
	at org.openqa.selenium.remote.RemoteWebDriver.execute(RemoteWebDriver.java:552)
	at org.openqa.selenium.remote.RemoteWebDriver.findElement(RemoteWebDriver.java:323)
	at org.openqa.selenium.remote.RemoteWebDriver.findElementByXPath(RemoteWebDriver.java:428)
	at org.openqa.selenium.By$ByXPath.findElement(By.java:353)
	at org.openqa.selenium.remote.RemoteWebDriver.findElement(RemoteWebDriver.java:315)
	at StepsDefine.genericFunctions.wait_for_time(genericFunctions.java:823)
	at StepsDefine.genericFunctions.user_will_redirect_to_login_page(genericFunctions.java:213)
	at ✽.user will redirect to login page(classpath:features/exelonChatbotFirefox.feature:46)
</pre></div></td>
<td>79</td>
<td>com.cucumber.runner.sharpRunner@1283bb96</td></tr>
<tr>
<td title='com.cucumber.runner.sharpRunner.runScenario()'><b>runScenario</b><br>Test class: com.cucumber.runner.sharpRunner<br>Test method: Runs Cucumber Scenarios<br>Parameters: "Firefox: Open chat bot and pay bill via chat", "Optional[Feature to test exelon chatbot application test cases]"</td>
<td><div><pre>org.openqa.selenium.NoSuchElementException: Unable to locate element: //div[contains(@class,&apos;form-group&apos;)]//input[@id=&apos;Username&apos;]
For documentation on this error, please visit: https://www.seleniumhq.org/exceptions/no_such_element.html
Build info: version: &apos;3.141.59&apos;, revision: &apos;e82be7d358&apos;, time: &apos;2018-11-14T08:17:03&apos;
System info: host: &apos;DESKTOP-P9BL872&apos;, ip: &apos;192.168.1.146&apos;, os.name: &apos;Windows 10&apos;, os.arch: &apos;amd64&apos;, os.version: &apos;10.0&apos;, java.version: &apos;11.0.8&apos;
Driver info: org.openqa.selenium.firefox.FirefoxDriver
Capabilities {acceptInsecureCerts: true, browserName: firefox, browserVersion: 79.0, javascriptEnabled: true, moz:accessibilityChecks: false, moz:buildID: 20200720193547, moz:geckodriverVersion: 0.27.0, moz:headless: false, moz:processID: 21444, moz:profile: C:\Users\Sohail Abbas\AppDa..., moz:shutdownTimeout: 60000, moz:useNonSpecCompliantPointerOrigin: false, moz:webdriverClick: true, pageLoadStrategy: normal, platform: WINDOWS, platformName: WINDOWS, platformVersion: 10.0, rotatable: false, setWindowRect: true, strictFileInteractability: false, timeouts: {implicit: 0, pageLoad: 300000, script: 30000}, unhandledPromptBehavior: dismiss and notify}
Session ID: 9cdba0ef-4618-40ef-8b9b-baaed28edc7e
*** Element info: {Using=xpath, value=//div[contains(@class,&apos;form-group&apos;)]//input[@id=&apos;Username&apos;]}
	at org.openqa.selenium.remote.http.W3CHttpResponseCodec.createException(W3CHttpResponseCodec.java:187)
	at org.openqa.selenium.remote.http.W3CHttpResponseCodec.decode(W3CHttpResponseCodec.java:122)
	at org.openqa.selenium.remote.http.W3CHttpResponseCodec.decode(W3CHttpResponseCodec.java:49)
	at org.openqa.selenium.remote.HttpCommandExecutor.execute(HttpCommandExecutor.java:158)
	at org.openqa.selenium.remote.service.DriverCommandExecutor.execute(DriverCommandExecutor.java:83)
	at org.openqa.selenium.remote.RemoteWebDriver.execute(RemoteWebDriver.java:552)
	at org.openqa.selenium.remote.RemoteWebDriver.findElement(RemoteWebDriver.java:323)
	at org.openqa.selenium.remote.RemoteWebDriver.findElementByXPath(RemoteWebDriver.java:428)
	at org.openqa.selenium.By$ByXPath.findElement(By.java:353)
	at org.openqa.selenium.remote.RemoteWebDriver.findElement(RemoteWebDriver.java:315)
	at StepsDefine.genericFunctions.wait_for_time(genericFunctions.java:823)
	at StepsDefine.genericFunctions.user_will_redirect_to_login_page(genericFunctions.java:213)
	at ✽.user will redirect to login page(classpath:features/exelonChatbotFirefox.feature:46)
... Removed 4 stack frames</pre></div><a href='#' onClick='toggleBox("stack-trace672014013", this, "Click to show all stack frames", "Click to hide stack frames")'>Click to show all stack frames</a>
<div class='stack-trace' id='stack-trace672014013'><pre>org.openqa.selenium.NoSuchElementException: Unable to locate element: //div[contains(@class,&apos;form-group&apos;)]//input[@id=&apos;Username&apos;]
For documentation on this error, please visit: https://www.seleniumhq.org/exceptions/no_such_element.html
Build info: version: &apos;3.141.59&apos;, revision: &apos;e82be7d358&apos;, time: &apos;2018-11-14T08:17:03&apos;
System info: host: &apos;DESKTOP-P9BL872&apos;, ip: &apos;192.168.1.146&apos;, os.name: &apos;Windows 10&apos;, os.arch: &apos;amd64&apos;, os.version: &apos;10.0&apos;, java.version: &apos;11.0.8&apos;
Driver info: org.openqa.selenium.firefox.FirefoxDriver
Capabilities {acceptInsecureCerts: true, browserName: firefox, browserVersion: 79.0, javascriptEnabled: true, moz:accessibilityChecks: false, moz:buildID: 20200720193547, moz:geckodriverVersion: 0.27.0, moz:headless: false, moz:processID: 21444, moz:profile: C:\Users\Sohail Abbas\AppDa..., moz:shutdownTimeout: 60000, moz:useNonSpecCompliantPointerOrigin: false, moz:webdriverClick: true, pageLoadStrategy: normal, platform: WINDOWS, platformName: WINDOWS, platformVersion: 10.0, rotatable: false, setWindowRect: true, strictFileInteractability: false, timeouts: {implicit: 0, pageLoad: 300000, script: 30000}, unhandledPromptBehavior: dismiss and notify}
Session ID: 9cdba0ef-4618-40ef-8b9b-baaed28edc7e
*** Element info: {Using=xpath, value=//div[contains(@class,&apos;form-group&apos;)]//input[@id=&apos;Username&apos;]}
	at java.base/jdk.internal.reflect.NativeConstructorAccessorImpl.newInstance0(Native Method)
	at java.base/jdk.internal.reflect.NativeConstructorAccessorImpl.newInstance(NativeConstructorAccessorImpl.java:62)
	at java.base/jdk.internal.reflect.DelegatingConstructorAccessorImpl.newInstance(DelegatingConstructorAccessorImpl.java:45)
	at java.base/java.lang.reflect.Constructor.newInstance(Constructor.java:490)
	at org.openqa.selenium.remote.http.W3CHttpResponseCodec.createException(W3CHttpResponseCodec.java:187)
	at org.openqa.selenium.remote.http.W3CHttpResponseCodec.decode(W3CHttpResponseCodec.java:122)
	at org.openqa.selenium.remote.http.W3CHttpResponseCodec.decode(W3CHttpResponseCodec.java:49)
	at org.openqa.selenium.remote.HttpCommandExecutor.execute(HttpCommandExecutor.java:158)
	at org.openqa.selenium.remote.service.DriverCommandExecutor.execute(DriverCommandExecutor.java:83)
	at org.openqa.selenium.remote.RemoteWebDriver.execute(RemoteWebDriver.java:552)
	at org.openqa.selenium.remote.RemoteWebDriver.findElement(RemoteWebDriver.java:323)
	at org.openqa.selenium.remote.RemoteWebDriver.findElementByXPath(RemoteWebDriver.java:428)
	at org.openqa.selenium.By$ByXPath.findElement(By.java:353)
	at org.openqa.selenium.remote.RemoteWebDriver.findElement(RemoteWebDriver.java:315)
	at StepsDefine.genericFunctions.wait_for_time(genericFunctions.java:823)
	at StepsDefine.genericFunctions.user_will_redirect_to_login_page(genericFunctions.java:213)
	at ✽.user will redirect to login page(classpath:features/exelonChatbotFirefox.feature:46)
</pre></div></td>
<td>77</td>
<td>com.cucumber.runner.sharpRunner@1283bb96</td></tr>
</table><p>
<table width='100%' border='1' class='invocation-passed'>
<tr><td colspan='4' align='center'><b>PASSED TESTS</b></td></tr>
<tr><td><b>Test method</b></td>
<td width="30%"><b>Exception</b></td>
<td width="10%"><b>Time (seconds)</b></td>
<td><b>Instance</b></td>
</tr>
<tr>
<td title='com.cucumber.runner.sharpRunner.runScenario()'><b>runScenario</b><br>Test class: com.cucumber.runner.sharpRunner<br>Test method: Runs Cucumber Scenarios<br>Parameters: "Firefox: Initiate bot, click mail icon and click submit with valid email id format", "Optional[Exelon-PHI-ACE feature file]"</td>
<td></td>
<td>51</td>
<td>com.cucumber.runner.sharpRunner@1283bb96</td></tr>
<tr>
<td title='com.cucumber.runner.sharpRunner.runScenario()'><b>runScenario</b><br>Test class: com.cucumber.runner.sharpRunner<br>Test method: Runs Cucumber Scenarios<br>Parameters: "Firefox: Initiate bot, click mail icon and click submit with valid email id format", "Optional[Exelon-PHI-ACE feature file]"</td>
<td></td>
<td>78</td>
<td>com.cucumber.runner.sharpRunner@1283bb96</td></tr>
<tr>
<td title='com.cucumber.runner.sharpRunner.runScenario()'><b>runScenario</b><br>Test class: com.cucumber.runner.sharpRunner<br>Test method: Runs Cucumber Scenarios<br>Parameters: "Firefox: Initiate bot, click mail icon and click submit with valid email id format", "Optional[Exelon-PHI-ACE feature file]"</td>
<td></td>
<td>75</td>
<td>com.cucumber.runner.sharpRunner@1283bb96</td></tr>
<tr>
<td title='com.cucumber.runner.sharpRunner.runScenario()'><b>runScenario</b><br>Test class: com.cucumber.runner.sharpRunner<br>Test method: Runs Cucumber Scenarios<br>Parameters: "Chrome: Open exelon web application, load chatbot and navigate through menus", "Optional[Feature to test exelon chatbot application test cases]"</td>
<td></td>
<td>67</td>
<td>com.cucumber.runner.sharpRunner@1283bb96</td></tr>
<tr>
<td title='com.cucumber.runner.sharpRunner.runScenario()'><b>runScenario</b><br>Test class: com.cucumber.runner.sharpRunner<br>Test method: Runs Cucumber Scenarios<br>Parameters: "Chrome: Open exelon web application, load chatbot and navigate through menus", "Optional[Feature to test exelon chatbot application test cases]"</td>
<td></td>
<td>67</td>
<td>com.cucumber.runner.sharpRunner@1283bb96</td></tr>
<tr>
<td title='com.cucumber.runner.sharpRunner.runScenario()'><b>runScenario</b><br>Test class: com.cucumber.runner.sharpRunner<br>Test method: Runs Cucumber Scenarios<br>Parameters: "Chrome: Open exelon web application, load chatbot and navigate through menus", "Optional[Feature to test exelon chatbot application test cases]"</td>
<td></td>
<td>67</td>
<td>com.cucumber.runner.sharpRunner@1283bb96</td></tr>
<tr>
<td title='com.cucumber.runner.sharpRunner.runScenario()'><b>runScenario</b><br>Test class: com.cucumber.runner.sharpRunner<br>Test method: Runs Cucumber Scenarios<br>Parameters: "Chrome: Open exelon web application, load chatbot and navigate through menus", "Optional[Feature to test exelon chatbot application test cases]"</td>
<td></td>
<td>67</td>
<td>com.cucumber.runner.sharpRunner@1283bb96</td></tr>
<tr>
<td title='com.cucumber.runner.sharpRunner.runScenario()'><b>runScenario</b><br>Test class: com.cucumber.runner.sharpRunner<br>Test method: Runs Cucumber Scenarios<br>Parameters: "Chrome: Open exelon web application, load chatbot and navigate through menus", "Optional[Feature to test exelon chatbot application test cases]"</td>
<td></td>
<td>66</td>
<td>com.cucumber.runner.sharpRunner@1283bb96</td></tr>
<tr>
<td title='com.cucumber.runner.sharpRunner.runScenario()'><b>runScenario</b><br>Test class: com.cucumber.runner.sharpRunner<br>Test method: Runs Cucumber Scenarios<br>Parameters: "Chrome: Open chat bot and start service", "Optional[Feature to test exelon chatbot application test cases]"</td>
<td></td>
<td>66</td>
<td>com.cucumber.runner.sharpRunner@1283bb96</td></tr>
<tr>
<td title='com.cucumber.runner.sharpRunner.runScenario()'><b>runScenario</b><br>Test class: com.cucumber.runner.sharpRunner<br>Test method: Runs Cucumber Scenarios<br>Parameters: "Firefox: Open exelon web application, load chatbot and navigate through menus", "Optional[Feature to test exelon chatbot application test cases]"</td>
<td></td>
<td>70</td>
<td>com.cucumber.runner.sharpRunner@1283bb96</td></tr>
<tr>
<td title='com.cucumber.runner.sharpRunner.runScenario()'><b>runScenario</b><br>Test class: com.cucumber.runner.sharpRunner<br>Test method: Runs Cucumber Scenarios<br>Parameters: "Firefox: Open exelon web application, load chatbot and navigate through menus", "Optional[Feature to test exelon chatbot application test cases]"</td>
<td></td>
<td>70</td>
<td>com.cucumber.runner.sharpRunner@1283bb96</td></tr>
<tr>
<td title='com.cucumber.runner.sharpRunner.runScenario()'><b>runScenario</b><br>Test class: com.cucumber.runner.sharpRunner<br>Test method: Runs Cucumber Scenarios<br>Parameters: "Firefox: Open exelon web application, load chatbot and navigate through menus", "Optional[Feature to test exelon chatbot application test cases]"</td>
<td></td>
<td>74</td>
<td>com.cucumber.runner.sharpRunner@1283bb96</td></tr>
<tr>
<td title='com.cucumber.runner.sharpRunner.runScenario()'><b>runScenario</b><br>Test class: com.cucumber.runner.sharpRunner<br>Test method: Runs Cucumber Scenarios<br>Parameters: "Firefox: Open exelon web application, load chatbot and navigate through menus", "Optional[Feature to test exelon chatbot application test cases]"</td>
<td></td>
<td>69</td>
<td>com.cucumber.runner.sharpRunner@1283bb96</td></tr>
<tr>
<td title='com.cucumber.runner.sharpRunner.runScenario()'><b>runScenario</b><br>Test class: com.cucumber.runner.sharpRunner<br>Test method: Runs Cucumber Scenarios<br>Parameters: "Firefox: Open exelon web application, load chatbot and navigate through menus", "Optional[Feature to test exelon chatbot application test cases]"</td>
<td></td>
<td>69</td>
<td>com.cucumber.runner.sharpRunner@1283bb96</td></tr>
<tr>
<td title='com.cucumber.runner.sharpRunner.runScenario()'><b>runScenario</b><br>Test class: com.cucumber.runner.sharpRunner<br>Test method: Runs Cucumber Scenarios<br>Parameters: "Firefox: Open chat bot and start service", "Optional[Feature to test exelon chatbot application test cases]"</td>
<td></td>
<td>67</td>
<td>com.cucumber.runner.sharpRunner@1283bb96</td></tr>
</table><p>
</body>
</html>